0 info it worked if it ends with ok
1 verbose cli [ 'C:\\dev\\nodejs\\node.exe',
1 verbose cli   'C:\\dev\\nodejs\\node_modules\\npm\\bin\\npm-cli.js',
1 verbose cli   'run',
1 verbose cli   'lint' ]
2 info using npm@3.10.10
3 info using node@v6.10.3
4 verbose run-script [ 'prelint', 'lint', 'postlint' ]
5 info lifecycle react-webpack-kit@1.0.0~prelint: react-webpack-kit@1.0.0
6 silly lifecycle react-webpack-kit@1.0.0~prelint: no script for prelint, continuing
7 info lifecycle react-webpack-kit@1.0.0~lint: react-webpack-kit@1.0.0
8 verbose lifecycle react-webpack-kit@1.0.0~lint: unsafe-perm in lifecycle true
9 verbose lifecycle react-webpack-kit@1.0.0~lint: PATH: C:\dev\nodejs\node_modules\npm\bin\node-gyp-bin;C:\dev\AIS\source\dm-viewer\react-webpack-starter\node_modules\.bin;C:\Ruby22-x64\bin;C:\Ruby22\bin;C:\oraclexe\app\oracle\product\11.2.0\server\bin;C:\ProgramData\Oracle\Java\javapath;C:\Program Files (x86)\Intel\iCLS Client\;C:\Program Files\Intel\iCLS Client\;C:\Windows\system32;C:\Windows;C:\Windows\System32\Wbem;C:\Windows\System32\WindowsPowerShell\v1.0\;C:\Program Files (x86)\Intel\Intel(R) Management Engine Components\DAL;C:\Program Files\Intel\Intel(R) Management Engine Components\DAL;C:\Program Files (x86)\Intel\Intel(R) Management Engine Components\IPT;C:\Program Files\Intel\Intel(R) Management Engine Components\IPT;C:\Program Files\Intel\WiFi\bin\;C:\Program Files\Common Files\Intel\WirelessCommon\;C:\Program Files (x86)\AMD\ATI.ACE\Core-Static;C:\Program Files\PuTTY\;C:\Program Files\TortoiseGit\bin;C:\Program Files (x86)\Git\cmd;C:\Users\CN00010\Sencha\Test\2_1_2_1/stc;C:\Users\CN00010\bin\Sencha\Cmd;C:\dev\nodejs;C:\dev\AIS;C:\Users\CN00010\Downloads\curl-7.56.0-win64-mingw\bin
10 verbose lifecycle react-webpack-kit@1.0.0~lint: CWD: C:\dev\AIS\source\dm-viewer\react-webpack-starter
11 silly lifecycle react-webpack-kit@1.0.0~lint: Args: [ '/d /s /c',
11 silly lifecycle   'eslint "src/components/footer.jsx" -o lint_main_report.html -f html' ]
12 silly lifecycle react-webpack-kit@1.0.0~lint: Returned: code: 1  signal: null
13 info lifecycle react-webpack-kit@1.0.0~lint: Failed to exec lint script
14 verbose stack Error: react-webpack-kit@1.0.0 lint: `eslint "src/components/footer.jsx" -o lint_main_report.html -f html`
14 verbose stack Exit status 1
14 verbose stack     at EventEmitter.<anonymous> (C:\dev\nodejs\node_modules\npm\lib\utils\lifecycle.js:255:16)
14 verbose stack     at emitTwo (events.js:106:13)
14 verbose stack     at EventEmitter.emit (events.js:191:7)
14 verbose stack     at ChildProcess.<anonymous> (C:\dev\nodejs\node_modules\npm\lib\utils\spawn.js:40:14)
14 verbose stack     at emitTwo (events.js:106:13)
14 verbose stack     at ChildProcess.emit (events.js:191:7)
14 verbose stack     at maybeClose (internal/child_process.js:886:16)
14 verbose stack     at Process.ChildProcess._handle.onexit (internal/child_process.js:226:5)
15 verbose pkgid react-webpack-kit@1.0.0
16 verbose cwd C:\dev\AIS\source\dm-viewer\react-webpack-starter
17 error Windows_NT 6.1.7601
18 error argv "C:\\dev\\nodejs\\node.exe" "C:\\dev\\nodejs\\node_modules\\npm\\bin\\npm-cli.js" "run" "lint"
19 error node v6.10.3
20 error npm  v3.10.10
21 error code ELIFECYCLE
22 error react-webpack-kit@1.0.0 lint: `eslint "src/components/footer.jsx" -o lint_main_report.html -f html`
22 error Exit status 1
23 error Failed at the react-webpack-kit@1.0.0 lint script 'eslint "src/components/footer.jsx" -o lint_main_report.html -f html'.
23 error Make sure you have the latest version of node.js and npm installed.
23 error If you do, this is most likely a problem with the react-webpack-kit package,
23 error not with npm itself.
23 error Tell the author that this fails on your system:
23 error     eslint "src/components/footer.jsx" -o lint_main_report.html -f html
23 error You can get information on how to open an issue for this project with:
23 error     npm bugs react-webpack-kit
23 error Or if that isn't available, you can get their info via:
23 error     npm owner ls react-webpack-kit
23 error There is likely additional logging output above.
24 verbose exit [ 1, true ]
